

Microchip MPLAB XC8 Assembler V2.32 build 20210201212658 
                                                                                               Mon Aug 09 12:11:20 2021

Microchip MPLAB XC8 C Compiler v2.32 (Free license) build 20210201212658 Og1 
     1                           	processor	16F887
     2                           	pagewidth 120
     3                           	opt	flic
     4                           	psect	cinit,global,class=CODE,merge=1,delta=2
     5                           	psect	bssCOMMON,global,class=COMMON,space=1,delta=1,noexec
     6                           	psect	cstackCOMMON,global,class=COMMON,space=1,delta=1,noexec
     7                           	psect	maintext,global,class=CODE,split=1,delta=2
     8                           	psect	text1,local,class=CODE,merge=1,delta=2
     9                           	psect	text2,local,class=CODE,merge=1,delta=2
    10                           	psect	text3,local,class=CODE,merge=1,delta=2
    11                           	psect	text4,local,class=CODE,merge=1,delta=2
    12                           	psect	text5,local,class=CODE,merge=1,delta=2
    13                           	psect	intentry,global,class=CODE,delta=2
    14                           	psect	config,global,abs,ovrld,class=CONFIG,space=4,delta=2,noexec
    15                           	dabs	1,0x7E,2
    16  0000                     
    17                           ; Version 2.20
    18                           ; Generated 12/02/2020 GMT
    19                           ; 
    20                           ; Copyright © 2020, Microchip Technology Inc. and its subsidiaries ("Microchip")
    21                           ; All rights reserved.
    22                           ; 
    23                           ; This software is developed by Microchip Technology Inc. and its subsidiaries ("Microch
      +                          ip").
    24                           ; 
    25                           ; Redistribution and use in source and binary forms, with or without modification, are
    26                           ; permitted provided that the following conditions are met:
    27                           ; 
    28                           ;     1. Redistributions of source code must retain the above copyright notice, this lis
      +                          t of
    29                           ;        conditions and the following disclaimer.
    30                           ; 
    31                           ;     2. Redistributions in binary form must reproduce the above copyright notice, this 
      +                          list
    32                           ;        of conditions and the following disclaimer in the documentation and/or other
    33                           ;        materials provided with the distribution.
    34                           ; 
    35                           ;     3. Microchip's name may not be used to endorse or promote products derived from th
      +                          is
    36                           ;        software without specific prior written permission.
    37                           ; 
    38                           ; THIS SOFTWARE IS PROVIDED BY MICROCHIP "AS IS" AND ANY EXPRESS OR IMPLIED WARRANTIES,
    39                           ; INCLUDING, BUT NOT LIMITED TO, THE IMPLIED WARRANTIES OF MERCHANTABILITY AND FITNESS F
      +                          OR
    40                           ; PURPOSE ARE DISCLAIMED.  IN NO EVENT SHALL MICROCHIP BE LIABLE FOR ANY DIRECT, INDIREC
      +                          T,
    41                           ; INCIDENTAL, SPECIAL, EXEMPLARY, OR CONSEQUENTIAL DAMAGES (INCLUDING BUT NOT LIMITED TO
    42                           ; PROCUREMENT OF SUBSTITUTE GOODS OR SERVICES; LOSS OF USE, DATA OR PROFITS; OR BUSINESS
    43                           ; INTERRUPTION) HOWSOEVER CAUSED AND ON ANY THEORY OF LIABILITY, WHETHER IN CONTRACT, ST
      +                          RICT
    44                           ; LIABILITY, OR TORT (INCLUDING NEGLIGENCE OR OTHERWISE) ARISING IN ANY WAY OUT OF THE U
      +                          SE OF
    45                           ; THIS SOFTWARE, EVEN IF ADVISED OF THE POSSIBILITY OF SUCH DAMAGE.
    46                           ; 
    47                           ; 
    48                           ; Code-generator required, PIC16F887 Definitions
    49                           ; 
    50                           ; SFR Addresses
    51  0000                     	;# 
    52  0001                     	;# 
    53  0002                     	;# 
    54  0003                     	;# 
    55  0004                     	;# 
    56  0005                     	;# 
    57  0006                     	;# 
    58  0007                     	;# 
    59  0008                     	;# 
    60  0009                     	;# 
    61  000A                     	;# 
    62  000B                     	;# 
    63  000C                     	;# 
    64  000D                     	;# 
    65  000E                     	;# 
    66  000E                     	;# 
    67  000F                     	;# 
    68  0010                     	;# 
    69  0011                     	;# 
    70  0012                     	;# 
    71  0013                     	;# 
    72  0014                     	;# 
    73  0015                     	;# 
    74  0015                     	;# 
    75  0016                     	;# 
    76  0017                     	;# 
    77  0018                     	;# 
    78  0019                     	;# 
    79  001A                     	;# 
    80  001B                     	;# 
    81  001B                     	;# 
    82  001C                     	;# 
    83  001D                     	;# 
    84  001E                     	;# 
    85  001F                     	;# 
    86  0081                     	;# 
    87  0085                     	;# 
    88  0086                     	;# 
    89  0087                     	;# 
    90  0088                     	;# 
    91  0089                     	;# 
    92  008C                     	;# 
    93  008D                     	;# 
    94  008E                     	;# 
    95  008F                     	;# 
    96  0090                     	;# 
    97  0091                     	;# 
    98  0092                     	;# 
    99  0093                     	;# 
   100  0093                     	;# 
   101  0093                     	;# 
   102  0094                     	;# 
   103  0095                     	;# 
   104  0096                     	;# 
   105  0097                     	;# 
   106  0098                     	;# 
   107  0099                     	;# 
   108  009A                     	;# 
   109  009B                     	;# 
   110  009C                     	;# 
   111  009D                     	;# 
   112  009E                     	;# 
   113  009F                     	;# 
   114  0105                     	;# 
   115  0107                     	;# 
   116  0108                     	;# 
   117  0109                     	;# 
   118  010C                     	;# 
   119  010C                     	;# 
   120  010D                     	;# 
   121  010E                     	;# 
   122  010F                     	;# 
   123  0185                     	;# 
   124  0187                     	;# 
   125  0188                     	;# 
   126  0189                     	;# 
   127  018C                     	;# 
   128  018D                     	;# 
   129  0000                     	;# 
   130  0001                     	;# 
   131  0002                     	;# 
   132  0003                     	;# 
   133  0004                     	;# 
   134  0005                     	;# 
   135  0006                     	;# 
   136  0007                     	;# 
   137  0008                     	;# 
   138  0009                     	;# 
   139  000A                     	;# 
   140  000B                     	;# 
   141  000C                     	;# 
   142  000D                     	;# 
   143  000E                     	;# 
   144  000E                     	;# 
   145  000F                     	;# 
   146  0010                     	;# 
   147  0011                     	;# 
   148  0012                     	;# 
   149  0013                     	;# 
   150  0014                     	;# 
   151  0015                     	;# 
   152  0015                     	;# 
   153  0016                     	;# 
   154  0017                     	;# 
   155  0018                     	;# 
   156  0019                     	;# 
   157  001A                     	;# 
   158  001B                     	;# 
   159  001B                     	;# 
   160  001C                     	;# 
   161  001D                     	;# 
   162  001E                     	;# 
   163  001F                     	;# 
   164  0081                     	;# 
   165  0085                     	;# 
   166  0086                     	;# 
   167  0087                     	;# 
   168  0088                     	;# 
   169  0089                     	;# 
   170  008C                     	;# 
   171  008D                     	;# 
   172  008E                     	;# 
   173  008F                     	;# 
   174  0090                     	;# 
   175  0091                     	;# 
   176  0092                     	;# 
   177  0093                     	;# 
   178  0093                     	;# 
   179  0093                     	;# 
   180  0094                     	;# 
   181  0095                     	;# 
   182  0096                     	;# 
   183  0097                     	;# 
   184  0098                     	;# 
   185  0099                     	;# 
   186  009A                     	;# 
   187  009B                     	;# 
   188  009C                     	;# 
   189  009D                     	;# 
   190  009E                     	;# 
   191  009F                     	;# 
   192  0105                     	;# 
   193  0107                     	;# 
   194  0108                     	;# 
   195  0109                     	;# 
   196  010C                     	;# 
   197  010C                     	;# 
   198  010D                     	;# 
   199  010E                     	;# 
   200  010F                     	;# 
   201  0185                     	;# 
   202  0187                     	;# 
   203  0188                     	;# 
   204  0189                     	;# 
   205  018C                     	;# 
   206  018D                     	;# 
   207  0000                     	;# 
   208  0001                     	;# 
   209  0002                     	;# 
   210  0003                     	;# 
   211  0004                     	;# 
   212  0005                     	;# 
   213  0006                     	;# 
   214  0007                     	;# 
   215  0008                     	;# 
   216  0009                     	;# 
   217  000A                     	;# 
   218  000B                     	;# 
   219  000C                     	;# 
   220  000D                     	;# 
   221  000E                     	;# 
   222  000E                     	;# 
   223  000F                     	;# 
   224  0010                     	;# 
   225  0011                     	;# 
   226  0012                     	;# 
   227  0013                     	;# 
   228  0014                     	;# 
   229  0015                     	;# 
   230  0015                     	;# 
   231  0016                     	;# 
   232  0017                     	;# 
   233  0018                     	;# 
   234  0019                     	;# 
   235  001A                     	;# 
   236  001B                     	;# 
   237  001B                     	;# 
   238  001C                     	;# 
   239  001D                     	;# 
   240  001E                     	;# 
   241  001F                     	;# 
   242  0081                     	;# 
   243  0085                     	;# 
   244  0086                     	;# 
   245  0087                     	;# 
   246  0088                     	;# 
   247  0089                     	;# 
   248  008C                     	;# 
   249  008D                     	;# 
   250  008E                     	;# 
   251  008F                     	;# 
   252  0090                     	;# 
   253  0091                     	;# 
   254  0092                     	;# 
   255  0093                     	;# 
   256  0093                     	;# 
   257  0093                     	;# 
   258  0094                     	;# 
   259  0095                     	;# 
   260  0096                     	;# 
   261  0097                     	;# 
   262  0098                     	;# 
   263  0099                     	;# 
   264  009A                     	;# 
   265  009B                     	;# 
   266  009C                     	;# 
   267  009D                     	;# 
   268  009E                     	;# 
   269  009F                     	;# 
   270  0105                     	;# 
   271  0107                     	;# 
   272  0108                     	;# 
   273  0109                     	;# 
   274  010C                     	;# 
   275  010C                     	;# 
   276  010D                     	;# 
   277  010E                     	;# 
   278  010F                     	;# 
   279  0185                     	;# 
   280  0187                     	;# 
   281  0188                     	;# 
   282  0189                     	;# 
   283  018C                     	;# 
   284  018D                     	;# 
   285  000B                     _INTCON	set	11
   286  000D                     _PIR2	set	13
   287  000C                     _PIR1	set	12
   288  0009                     _PORTE	set	9
   289  0007                     _PORTC	set	7
   290  0006                     _PORTB	set	6
   291  0005                     _PORTA	set	5
   292  0008                     _PORTD	set	8
   293  0014                     _SSPCONbits	set	20
   294  000C                     _PIR1bits	set	12
   295  000B                     _INTCONbits	set	11
   296  0018                     _RCSTAbits	set	24
   297  001F                     _ADCON0bits	set	31
   298  0013                     _SSPBUF	set	19
   299  0014                     _SSPCON	set	20
   300  0031                     _RB1	set	49
   301  0030                     _RB0	set	48
   302  0063                     _SSPIF	set	99
   303  005E                     _PEIE	set	94
   304  005F                     _GIE	set	95
   305  008D                     _PIE2	set	141
   306  008C                     _PIE1	set	140
   307  0089                     _TRISE	set	137
   308  0088                     _TRISD	set	136
   309  0087                     _TRISC	set	135
   310  0085                     _TRISA	set	133
   311  0094                     _SSPSTATbits	set	148
   312  0081                     _OPTION_REG	set	129
   313  0096                     _IOCB	set	150
   314  0095                     _WPUB	set	149
   315  0086                     _TRISB	set	134
   316  009A                     _SPBRGH	set	154
   317  0099                     _SPBRG	set	153
   318  0098                     _TXSTAbits	set	152
   319  008C                     _PIE1bits	set	140
   320  009F                     _ADCON1bits	set	159
   321  008F                     _OSCCONbits	set	143
   322  0091                     _SSPCON2bits	set	145
   323  0087                     _TRISCbits	set	135
   324  0094                     _SSPSTAT	set	148
   325  0093                     _SSPADD	set	147
   326  0091                     _SSPCON2	set	145
   327  04A0                     _BF	set	1184
   328  0463                     _SSPIE	set	1123
   329  043C                     _TRISC4	set	1084
   330  043B                     _TRISC3	set	1083
   331  0187                     _BAUDCTLbits	set	391
   332  0189                     _ANSELH	set	393
   333  0188                     _ANSEL	set	392
   334                           
   335                           	psect	cinit
   336  000F                     start_initialization:	
   337                           ; #config settings
   338                           
   339  000F                     __initialization:
   340                           
   341                           ; Clear objects allocated to COMMON
   342  000F  01F6               	clrf	__pbssCOMMON& (0+127)
   343  0010  01F7               	clrf	(__pbssCOMMON+1)& (0+127)
   344  0011  01F8               	clrf	(__pbssCOMMON+2)& (0+127)
   345  0012  01F9               	clrf	(__pbssCOMMON+3)& (0+127)
   346  0013  01FA               	clrf	(__pbssCOMMON+4)& (0+127)
   347  0014                     end_of_initialization:	
   348                           ;End of C runtime variable initialization code
   349                           
   350  0014                     __end_of__initialization:
   351  0014  0183               	clrf	3
   352  0015  120A  118A  2949   	ljmp	_main	;jump to C main() function
   353                           
   354                           	psect	bssCOMMON
   355  0076                     __pbssCOMMON:
   356  0076                     _varPot0:
   357  0076                     	ds	1
   358  0077                     _inI2C:
   359  0077                     	ds	1
   360  0078                     _cont:
   361  0078                     	ds	1
   362  0079                     _z:
   363  0079                     	ds	1
   364  007A                     _flagint:
   365  007A                     	ds	1
   366                           
   367                           	psect	cstackCOMMON
   368  0070                     __pcstackCOMMON:
   369  0070                     ?_setup:
   370  0070                     ?_I2C_Slave_Init:	
   371                           ; 1 bytes @ 0x0
   372                           
   373  0070                     ?_initOsc:	
   374                           ; 1 bytes @ 0x0
   375                           
   376  0070                     ?_pushPORTB:	
   377                           ; 1 bytes @ 0x0
   378                           
   379  0070                     ?_isr:	
   380                           ; 1 bytes @ 0x0
   381                           
   382  0070                     ??_isr:	
   383                           ; 1 bytes @ 0x0
   384                           
   385  0070                     ?_main:	
   386                           ; 1 bytes @ 0x0
   387                           
   388                           
   389                           ; 1 bytes @ 0x0
   390  0070                     	ds	3
   391  0073                     ??_I2C_Slave_Init:
   392  0073                     ??_initOsc:	
   393                           ; 1 bytes @ 0x3
   394                           
   395  0073                     ??_pushPORTB:	
   396                           ; 1 bytes @ 0x3
   397                           
   398  0073                     I2C_Slave_Init@address:	
   399                           ; 1 bytes @ 0x3
   400                           
   401  0073                     pushPORTB@val:	
   402                           ; 1 bytes @ 0x3
   403                           
   404                           
   405                           ; 1 bytes @ 0x3
   406  0073                     	ds	2
   407  0075                     initOsc@frec:
   408                           
   409                           ; 1 bytes @ 0x5
   410  0075                     	ds	1
   411  0076                     ??_setup:
   412  0076                     ??_main:	
   413                           ; 1 bytes @ 0x6
   414                           
   415                           
   416                           	psect	maintext
   417  0149                     __pmaintext:	
   418                           ; 1 bytes @ 0x6
   419 ;;
   420 ;;Main: autosize = 0, tempsize = 0, incstack = 0, save=0
   421 ;;
   422 ;; *************** function _main *****************
   423 ;; Defined at:
   424 ;;		line 123 in file "MainL4Cont.c"
   425 ;; Parameters:    Size  Location     Type
   426 ;;		None
   427 ;; Auto vars:     Size  Location     Type
   428 ;;		None
   429 ;; Return value:  Size  Location     Type
   430 ;;                  1    wreg      void 
   431 ;; Registers used:
   432 ;;		wreg, fsr0l, fsr0h, status,2, status,0, pclath, cstack
   433 ;; Tracked objects:
   434 ;;		On entry : B00/0
   435 ;;		On exit  : 0/0
   436 ;;		Unchanged: 0/0
   437 ;; Data sizes:     COMMON   BANK0   BANK1   BANK3   BANK2
   438 ;;      Params:         0       0       0       0       0
   439 ;;      Locals:         0       0       0       0       0
   440 ;;      Temps:          0       0       0       0       0
   441 ;;      Totals:         0       0       0       0       0
   442 ;;Total ram usage:        0 bytes
   443 ;; Hardware stack levels required when called: 3
   444 ;; This function calls:
   445 ;;		_setup
   446 ;; This function is called by:
   447 ;;		Startup code after reset
   448 ;; This function uses a non-reentrant model
   449 ;;
   450                           
   451                           
   452                           ;psect for function _main
   453  0149                     _main:
   454  0149                     l1194:	
   455                           ;incstack = 0
   456                           ; Regs used in _main: [wreg-fsr0h+status,2+status,0+pclath+cstack]
   457                           
   458                           
   459                           ;MainL4Cont.c: 124: }
   460  0149  120A  118A  20EF  120A  118A  	fcall	_setup
   461  014E                     l1196:
   462  014E  0878               	movf	_cont,w
   463  014F  1283               	bcf	3,5	;RP0=0, select bank0
   464  0150  1303               	bcf	3,6	;RP1=0, select bank0
   465  0151  0088               	movwf	8	;volatile
   466  0152  294E               	goto	l1196
   467  0153  120A  118A  280C   	ljmp	start
   468  0156                     __end_of_main:
   469                           
   470                           	psect	text1
   471  00EF                     __ptext1:	
   472 ;; *************** function _setup *****************
   473 ;; Defined at:
   474 ;;		line 137 in file "MainL4Cont.c"
   475 ;; Parameters:    Size  Location     Type
   476 ;;		None
   477 ;; Auto vars:     Size  Location     Type
   478 ;;		None
   479 ;; Return value:  Size  Location     Type
   480 ;;                  1    wreg      void 
   481 ;; Registers used:
   482 ;;		wreg, fsr0l, fsr0h, status,2, status,0, pclath, cstack
   483 ;; Tracked objects:
   484 ;;		On entry : 0/0
   485 ;;		On exit  : 0/0
   486 ;;		Unchanged: 0/0
   487 ;; Data sizes:     COMMON   BANK0   BANK1   BANK3   BANK2
   488 ;;      Params:         0       0       0       0       0
   489 ;;      Locals:         0       0       0       0       0
   490 ;;      Temps:          0       0       0       0       0
   491 ;;      Totals:         0       0       0       0       0
   492 ;;Total ram usage:        0 bytes
   493 ;; Hardware stack levels used: 1
   494 ;; Hardware stack levels required when called: 2
   495 ;; This function calls:
   496 ;;		_I2C_Slave_Init
   497 ;;		_initOsc
   498 ;;		_pushPORTB
   499 ;; This function is called by:
   500 ;;		_main
   501 ;; This function uses a non-reentrant model
   502 ;;
   503                           
   504                           
   505                           ;psect for function _setup
   506  00EF                     _setup:
   507  00EF                     l896:	
   508                           ;incstack = 0
   509                           ; Regs used in _setup: [wreg-fsr0h+status,2+status,0+pclath+cstack]
   510                           
   511  00EF  1683               	bsf	3,5	;RP0=1, select bank3
   512  00F0  1703               	bsf	3,6	;RP1=1, select bank3
   513  00F1  0189               	clrf	9	;volatile
   514  00F2  1683               	bsf	3,5	;RP0=1, select bank1
   515  00F3  1303               	bcf	3,6	;RP1=0, select bank1
   516  00F4  0185               	clrf	5	;volatile
   517  00F5                     l898:
   518  00F5  3003               	movlw	3
   519  00F6  0086               	movwf	6	;volatile
   520  00F7                     l900:
   521  00F7  0187               	clrf	7	;volatile
   522  00F8                     l902:
   523  00F8  0188               	clrf	8	;volatile
   524  00F9                     l904:
   525  00F9  0189               	clrf	9	;volatile
   526  00FA  30C4               	movlw	196
   527  00FB  0081               	movwf	1	;volatile
   528  00FC                     l906:
   529  00FC  3003               	movlw	3
   530  00FD  120A  118A  213B  120A  118A  	fcall	_pushPORTB
   531  0102                     l908:
   532  0102  3008               	movlw	8
   533  0103  120A  118A  20A3  120A  118A  	fcall	_initOsc
   534  0108                     l910:
   535  0108  3070               	movlw	112
   536  0109  120A  118A  2121  120A  118A  	fcall	_I2C_Slave_Init
   537  010E                     l912:
   538  010E  1283               	bcf	3,5	;RP0=0, select bank0
   539  010F  1303               	bcf	3,6	;RP1=0, select bank0
   540  0110  0185               	clrf	5	;volatile
   541  0111                     l914:
   542  0111  0186               	clrf	6	;volatile
   543  0112                     l916:
   544  0112  0187               	clrf	7	;volatile
   545  0113                     l918:
   546  0113  0188               	clrf	8	;volatile
   547  0114                     l920:
   548  0114  0189               	clrf	9	;volatile
   549  0115                     l922:
   550  0115  3008               	movlw	8
   551  0116  1683               	bsf	3,5	;RP0=1, select bank1
   552  0117  1303               	bcf	3,6	;RP1=0, select bank1
   553  0118  008C               	movwf	12	;volatile
   554  0119                     l924:
   555  0119  018D               	clrf	13	;volatile
   556  011A                     l926:
   557  011A  1283               	bcf	3,5	;RP0=0, select bank0
   558  011B  1303               	bcf	3,6	;RP1=0, select bank0
   559  011C  018C               	clrf	12	;volatile
   560  011D                     l928:
   561  011D  018D               	clrf	13	;volatile
   562  011E                     l930:
   563  011E  30C8               	movlw	200
   564  011F  008B               	movwf	11	;volatile
   565  0120                     l270:
   566  0120  0008               	return
   567  0121                     __end_of_setup:
   568                           
   569                           	psect	text2
   570  013B                     __ptext2:	
   571 ;; *************** function _pushPORTB *****************
   572 ;; Defined at:
   573 ;;		line 341 in file "./my_lib.h"
   574 ;; Parameters:    Size  Location     Type
   575 ;;  val             1    wreg     unsigned char 
   576 ;; Auto vars:     Size  Location     Type
   577 ;;  val             1    3[COMMON] unsigned char 
   578 ;; Return value:  Size  Location     Type
   579 ;;                  1    wreg      void 
   580 ;; Registers used:
   581 ;;		wreg, status,2
   582 ;; Tracked objects:
   583 ;;		On entry : 0/0
   584 ;;		On exit  : 0/0
   585 ;;		Unchanged: 0/0
   586 ;; Data sizes:     COMMON   BANK0   BANK1   BANK3   BANK2
   587 ;;      Params:         0       0       0       0       0
   588 ;;      Locals:         1       0       0       0       0
   589 ;;      Temps:          0       0       0       0       0
   590 ;;      Totals:         1       0       0       0       0
   591 ;;Total ram usage:        1 bytes
   592 ;; Hardware stack levels used: 1
   593 ;; Hardware stack levels required when called: 1
   594 ;; This function calls:
   595 ;;		Nothing
   596 ;; This function is called by:
   597 ;;		_setup
   598 ;; This function uses a non-reentrant model
   599 ;;
   600                           
   601                           
   602                           ;psect for function _pushPORTB
   603  013B                     _pushPORTB:
   604                           
   605                           ;incstack = 0
   606                           ; Regs used in _pushPORTB: [wreg+status,2]
   607                           ;pushPORTB@val stored from wreg
   608  013B  00F3               	movwf	pushPORTB@val
   609  013C                     l886:
   610                           
   611                           ;./my_lib.h: 342:   TRISB = val;
   612  013C  0873               	movf	pushPORTB@val,w
   613  013D  1683               	bsf	3,5	;RP0=1, select bank1
   614  013E  1303               	bcf	3,6	;RP1=0, select bank1
   615  013F  0086               	movwf	6	;volatile
   616                           
   617                           ;./my_lib.h: 343:   WPUB = val;
   618  0140  0873               	movf	pushPORTB@val,w
   619  0141  0095               	movwf	21	;volatile
   620                           
   621                           ;./my_lib.h: 344:   IOCB = val;
   622  0142  0873               	movf	pushPORTB@val,w
   623  0143  0096               	movwf	22	;volatile
   624  0144                     l888:
   625                           
   626                           ;./my_lib.h: 345:   OPTION_REG = OPTION_REG & 0x7F;
   627  0144  0801               	movf	1,w	;volatile
   628  0145  397F               	andlw	127
   629  0146  0081               	movwf	1	;volatile
   630  0147                     l890:
   631                           
   632                           ;./my_lib.h: 346:   INTCONbits.RBIE = 1;
   633  0147  158B               	bsf	11,3	;volatile
   634  0148                     l226:
   635  0148  0008               	return
   636  0149                     __end_of_pushPORTB:
   637                           
   638                           	psect	text3
   639  00A3                     __ptext3:	
   640 ;; *************** function _initOsc *****************
   641 ;; Defined at:
   642 ;;		line 14 in file "./my_lib.h"
   643 ;; Parameters:    Size  Location     Type
   644 ;;  frec            1    wreg     unsigned char 
   645 ;; Auto vars:     Size  Location     Type
   646 ;;  frec            1    5[COMMON] unsigned char 
   647 ;; Return value:  Size  Location     Type
   648 ;;                  1    wreg      void 
   649 ;; Registers used:
   650 ;;		wreg, fsr0l, fsr0h, status,2, status,0
   651 ;; Tracked objects:
   652 ;;		On entry : 0/0
   653 ;;		On exit  : 0/0
   654 ;;		Unchanged: 0/0
   655 ;; Data sizes:     COMMON   BANK0   BANK1   BANK3   BANK2
   656 ;;      Params:         0       0       0       0       0
   657 ;;      Locals:         1       0       0       0       0
   658 ;;      Temps:          2       0       0       0       0
   659 ;;      Totals:         3       0       0       0       0
   660 ;;Total ram usage:        3 bytes
   661 ;; Hardware stack levels used: 1
   662 ;; Hardware stack levels required when called: 1
   663 ;; This function calls:
   664 ;;		Nothing
   665 ;; This function is called by:
   666 ;;		_setup
   667 ;; This function uses a non-reentrant model
   668 ;;
   669                           
   670                           
   671                           ;psect for function _initOsc
   672  00A3                     _initOsc:
   673                           
   674                           ;incstack = 0
   675                           ; Regs used in _initOsc: [wreg-fsr0h+status,2+status,0]
   676                           ;initOsc@frec stored from wreg
   677  00A3  00F5               	movwf	initOsc@frec
   678  00A4                     l876:
   679                           
   680                           ;./my_lib.h: 15:     OSCCONbits.SCS = 1;
   681  00A4  1683               	bsf	3,5	;RP0=1, select bank1
   682  00A5  1303               	bcf	3,6	;RP1=0, select bank1
   683  00A6  140F               	bsf	15,0	;volatile
   684                           
   685                           ;./my_lib.h: 16:         switch(frec){
   686  00A7  28CC               	goto	l880
   687  00A8                     l139:	
   688                           ;./my_lib.h: 17:             case 8:
   689                           
   690                           
   691                           ;./my_lib.h: 18:                 OSCCONbits.IRCF0 = 1;
   692  00A8  160F               	bsf	15,4	;volatile
   693                           
   694                           ;./my_lib.h: 19:                 OSCCONbits.IRCF1 = 1;
   695  00A9  168F               	bsf	15,5	;volatile
   696                           
   697                           ;./my_lib.h: 20:                 OSCCONbits.IRCF2 = 1;
   698  00AA  170F               	bsf	15,6	;volatile
   699                           
   700                           ;./my_lib.h: 21:                 break;
   701  00AB  28EE               	goto	l149
   702  00AC                     l141:	
   703                           ;./my_lib.h: 23:             case 4:
   704                           
   705                           
   706                           ;./my_lib.h: 24:                 OSCCONbits.IRCF0 = 0;
   707  00AC  120F               	bcf	15,4	;volatile
   708                           
   709                           ;./my_lib.h: 25:                 OSCCONbits.IRCF1 = 1;
   710  00AD  168F               	bsf	15,5	;volatile
   711                           
   712                           ;./my_lib.h: 26:                 OSCCONbits.IRCF2 = 1;
   713  00AE  170F               	bsf	15,6	;volatile
   714                           
   715                           ;./my_lib.h: 27:                 break;
   716  00AF  28EE               	goto	l149
   717  00B0                     l142:	
   718                           ;./my_lib.h: 28:             case 2:
   719                           
   720                           
   721                           ;./my_lib.h: 29:                 OSCCONbits.IRCF0 = 1;
   722  00B0  160F               	bsf	15,4	;volatile
   723                           
   724                           ;./my_lib.h: 30:                 OSCCONbits.IRCF1 = 0;
   725  00B1  128F               	bcf	15,5	;volatile
   726                           
   727                           ;./my_lib.h: 31:                 OSCCONbits.IRCF2 = 1;
   728  00B2  170F               	bsf	15,6	;volatile
   729                           
   730                           ;./my_lib.h: 32:                 break;
   731  00B3  28EE               	goto	l149
   732  00B4                     l143:	
   733                           ;./my_lib.h: 33:              case 1:
   734                           
   735                           
   736                           ;./my_lib.h: 34:                 OSCCONbits.IRCF0 = 0;
   737  00B4  120F               	bcf	15,4	;volatile
   738                           
   739                           ;./my_lib.h: 35:                 OSCCONbits.IRCF1 = 0;
   740  00B5  128F               	bcf	15,5	;volatile
   741                           
   742                           ;./my_lib.h: 36:                 OSCCONbits.IRCF2 = 1;
   743  00B6  170F               	bsf	15,6	;volatile
   744                           
   745                           ;./my_lib.h: 37:                 break;
   746  00B7  28EE               	goto	l149
   747  00B8                     l144:	
   748                           ;./my_lib.h: 38:              case 50:
   749                           
   750                           
   751                           ;./my_lib.h: 39:                 OSCCONbits.IRCF0 = 0;
   752  00B8  120F               	bcf	15,4	;volatile
   753                           
   754                           ;./my_lib.h: 40:                 OSCCONbits.IRCF1 = 1;
   755  00B9  168F               	bsf	15,5	;volatile
   756                           
   757                           ;./my_lib.h: 41:                 OSCCONbits.IRCF2 = 1;
   758  00BA  170F               	bsf	15,6	;volatile
   759                           
   760                           ;./my_lib.h: 42:                 break;
   761  00BB  28EE               	goto	l149
   762  00BC                     l145:	
   763                           ;./my_lib.h: 43:              case 25:
   764                           
   765                           
   766                           ;./my_lib.h: 44:                 OSCCONbits.IRCF0 = 0;
   767  00BC  120F               	bcf	15,4	;volatile
   768                           
   769                           ;./my_lib.h: 45:                 OSCCONbits.IRCF1 = 1;
   770  00BD  168F               	bsf	15,5	;volatile
   771                           
   772                           ;./my_lib.h: 46:                 OSCCONbits.IRCF2 = 0;
   773  00BE  130F               	bcf	15,6	;volatile
   774                           
   775                           ;./my_lib.h: 47:                 break;
   776  00BF  28EE               	goto	l149
   777  00C0                     l146:	
   778                           ;./my_lib.h: 48:               case 12:
   779                           
   780                           
   781                           ;./my_lib.h: 49:                 OSCCONbits.IRCF0 = 1;
   782  00C0  160F               	bsf	15,4	;volatile
   783                           
   784                           ;./my_lib.h: 50:                 OSCCONbits.IRCF1 = 0;
   785  00C1  128F               	bcf	15,5	;volatile
   786                           
   787                           ;./my_lib.h: 51:                 OSCCONbits.IRCF2 = 0;
   788  00C2  130F               	bcf	15,6	;volatile
   789                           
   790                           ;./my_lib.h: 52:                 break;
   791  00C3  28EE               	goto	l149
   792  00C4                     l147:	
   793                           ;./my_lib.h: 53:               case 31:
   794                           
   795                           
   796                           ;./my_lib.h: 54:                 OSCCONbits.IRCF0 = 0;
   797  00C4  120F               	bcf	15,4	;volatile
   798                           
   799                           ;./my_lib.h: 55:                 OSCCONbits.IRCF1 = 1;
   800  00C5  168F               	bsf	15,5	;volatile
   801                           
   802                           ;./my_lib.h: 56:                 OSCCONbits.IRCF2 = 1;
   803  00C6  170F               	bsf	15,6	;volatile
   804                           
   805                           ;./my_lib.h: 57:                 break;
   806  00C7  28EE               	goto	l149
   807  00C8                     l148:	
   808                           ;./my_lib.h: 58:               default:
   809                           
   810                           
   811                           ;./my_lib.h: 59:                 OSCCONbits.IRCF0 = 0;
   812  00C8  120F               	bcf	15,4	;volatile
   813                           
   814                           ;./my_lib.h: 60:                 OSCCONbits.IRCF1 = 1;
   815  00C9  168F               	bsf	15,5	;volatile
   816                           
   817                           ;./my_lib.h: 61:                 OSCCONbits.IRCF2 = 1;
   818  00CA  170F               	bsf	15,6	;volatile
   819                           
   820                           ;./my_lib.h: 62:                 break;
   821  00CB  28EE               	goto	l149
   822  00CC                     l880:
   823  00CC  0875               	movf	initOsc@frec,w
   824  00CD  00F3               	movwf	??_initOsc
   825  00CE  01F4               	clrf	??_initOsc+1
   826                           
   827                           ; Switch on 2 bytes has been partitioned into a top level switch of size 1, and 1 sub-sw
      +                          itches
   828                           ; Switch size 1, requested type "simple"
   829                           ; Number of cases is 1, Range of values is 0 to 0
   830                           ; switch strategies available:
   831                           ; Name         Instructions Cycles
   832                           ; simple_byte            4     3 (average)
   833                           ; direct_byte           11     8 (fixed)
   834                           ; jumptable            260     6 (fixed)
   835                           ;	Chosen strategy is simple_byte
   836  00CF  0874               	movf	??_initOsc+1,w
   837  00D0  3A00               	xorlw	0	; case 0
   838  00D1  1903               	skipnz
   839  00D2  28D4               	goto	l1218
   840  00D3  28C8               	goto	l148
   841  00D4                     l1218:
   842                           
   843                           ; Switch size 1, requested type "simple"
   844                           ; Number of cases is 8, Range of values is 1 to 50
   845                           ; switch strategies available:
   846                           ; Name         Instructions Cycles
   847                           ; simple_byte           25    13 (average)
   848                           ; direct_byte          161    11 (fixed)
   849                           ; jumptable            263     9 (fixed)
   850                           ;	Chosen strategy is simple_byte
   851  00D4  0873               	movf	??_initOsc,w
   852  00D5  3A01               	xorlw	1	; case 1
   853  00D6  1903               	skipnz
   854  00D7  28B4               	goto	l143
   855  00D8  3A03               	xorlw	3	; case 2
   856  00D9  1903               	skipnz
   857  00DA  28B0               	goto	l142
   858  00DB  3A06               	xorlw	6	; case 4
   859  00DC  1903               	skipnz
   860  00DD  28AC               	goto	l141
   861  00DE  3A0C               	xorlw	12	; case 8
   862  00DF  1903               	skipnz
   863  00E0  28A8               	goto	l139
   864  00E1  3A04               	xorlw	4	; case 12
   865  00E2  1903               	skipnz
   866  00E3  28C0               	goto	l146
   867  00E4  3A15               	xorlw	21	; case 25
   868  00E5  1903               	skipnz
   869  00E6  28BC               	goto	l145
   870  00E7  3A06               	xorlw	6	; case 31
   871  00E8  1903               	skipnz
   872  00E9  28C4               	goto	l147
   873  00EA  3A2D               	xorlw	45	; case 50
   874  00EB  1903               	skipnz
   875  00EC  28B8               	goto	l144
   876  00ED  28C8               	goto	l148
   877  00EE                     l149:
   878  00EE  0008               	return
   879  00EF                     __end_of_initOsc:
   880                           
   881                           	psect	text4
   882  0121                     __ptext4:	
   883 ;; *************** function _I2C_Slave_Init *****************
   884 ;; Defined at:
   885 ;;		line 93 in file "I2C.c"
   886 ;; Parameters:    Size  Location     Type
   887 ;;  address         1    wreg     unsigned char 
   888 ;; Auto vars:     Size  Location     Type
   889 ;;  address         1    3[COMMON] unsigned char 
   890 ;; Return value:  Size  Location     Type
   891 ;;                  1    wreg      void 
   892 ;; Registers used:
   893 ;;		wreg
   894 ;; Tracked objects:
   895 ;;		On entry : 0/0
   896 ;;		On exit  : 0/0
   897 ;;		Unchanged: 0/0
   898 ;; Data sizes:     COMMON   BANK0   BANK1   BANK3   BANK2
   899 ;;      Params:         0       0       0       0       0
   900 ;;      Locals:         1       0       0       0       0
   901 ;;      Temps:          0       0       0       0       0
   902 ;;      Totals:         1       0       0       0       0
   903 ;;Total ram usage:        1 bytes
   904 ;; Hardware stack levels used: 1
   905 ;; Hardware stack levels required when called: 1
   906 ;; This function calls:
   907 ;;		Nothing
   908 ;; This function is called by:
   909 ;;		_setup
   910 ;; This function uses a non-reentrant model
   911 ;;
   912                           
   913                           
   914                           ;psect for function _I2C_Slave_Init
   915  0121                     _I2C_Slave_Init:
   916                           
   917                           ;incstack = 0
   918                           ; Regs used in _I2C_Slave_Init: [wreg]
   919                           ;I2C_Slave_Init@address stored from wreg
   920  0121  00F3               	movwf	I2C_Slave_Init@address
   921  0122                     l862:
   922                           
   923                           ;I2C.c: 93: void I2C_Slave_Init(uint8_t address);I2C.c: 94: {;I2C.c: 95:     SSPADD = ad
      +                          dress;
   924  0122  0873               	movf	I2C_Slave_Init@address,w
   925  0123  1683               	bsf	3,5	;RP0=1, select bank1
   926  0124  1303               	bcf	3,6	;RP1=0, select bank1
   927  0125  0093               	movwf	19	;volatile
   928                           
   929                           ;I2C.c: 96:     SSPCON = 0x36;
   930  0126  3036               	movlw	54
   931  0127  1283               	bcf	3,5	;RP0=0, select bank0
   932  0128  1303               	bcf	3,6	;RP1=0, select bank0
   933  0129  0094               	movwf	20	;volatile
   934                           
   935                           ;I2C.c: 97:     SSPSTAT = 0x80;
   936  012A  3080               	movlw	128
   937  012B  1683               	bsf	3,5	;RP0=1, select bank1
   938  012C  1303               	bcf	3,6	;RP1=0, select bank1
   939  012D  0094               	movwf	20	;volatile
   940                           
   941                           ;I2C.c: 98:     SSPCON2 = 0x01;
   942  012E  3001               	movlw	1
   943  012F  0091               	movwf	17	;volatile
   944  0130                     l864:
   945                           
   946                           ;I2C.c: 99:     TRISC3 = 1;
   947  0130  1587               	bsf	7,3	;volatile
   948  0131                     l866:
   949                           
   950                           ;I2C.c: 100:     TRISC4 = 1;
   951  0131  1607               	bsf	7,4	;volatile
   952  0132                     l868:
   953                           
   954                           ;I2C.c: 101:     GIE = 1;
   955  0132  178B               	bsf	11,7	;volatile
   956  0133                     l870:
   957                           
   958                           ;I2C.c: 102:     PEIE = 1;
   959  0133  170B               	bsf	11,6	;volatile
   960  0134                     l872:
   961                           
   962                           ;I2C.c: 103:     SSPIF = 0;
   963  0134  1283               	bcf	3,5	;RP0=0, select bank0
   964  0135  1303               	bcf	3,6	;RP1=0, select bank0
   965  0136  118C               	bcf	12,3	;volatile
   966  0137                     l874:
   967                           
   968                           ;I2C.c: 104:     SSPIE = 1;
   969  0137  1683               	bsf	3,5	;RP0=1, select bank1
   970  0138  1303               	bcf	3,6	;RP1=0, select bank1
   971  0139  158C               	bsf	12,3	;volatile
   972  013A                     l55:
   973  013A  0008               	return
   974  013B                     __end_of_I2C_Slave_Init:
   975                           
   976                           	psect	text5
   977  0018                     __ptext5:	
   978 ;; *************** function _isr *****************
   979 ;; Defined at:
   980 ;;		line 64 in file "MainL4Cont.c"
   981 ;; Parameters:    Size  Location     Type
   982 ;;		None
   983 ;; Auto vars:     Size  Location     Type
   984 ;;		None
   985 ;; Return value:  Size  Location     Type
   986 ;;                  1    wreg      void 
   987 ;; Registers used:
   988 ;;		wreg, status,2, status,0
   989 ;; Tracked objects:
   990 ;;		On entry : 0/0
   991 ;;		On exit  : 0/0
   992 ;;		Unchanged: 0/0
   993 ;; Data sizes:     COMMON   BANK0   BANK1   BANK3   BANK2
   994 ;;      Params:         0       0       0       0       0
   995 ;;      Locals:         0       0       0       0       0
   996 ;;      Temps:          3       0       0       0       0
   997 ;;      Totals:         3       0       0       0       0
   998 ;;Total ram usage:        3 bytes
   999 ;; Hardware stack levels used: 1
  1000 ;; This function calls:
  1001 ;;		Nothing
  1002 ;; This function is called by:
  1003 ;;		Interrupt level 1
  1004 ;; This function uses a non-reentrant model
  1005 ;;
  1006                           
  1007                           
  1008                           ;psect for function _isr
  1009  0018                     _isr:
  1010  0018                     i1l1140:
  1011                           
  1012                           ;MainL4Cont.c: 69:         }
  1013  0018  1C0B               	btfss	11,0	;volatile
  1014  0019  281B               	goto	u19_21
  1015  001A  281C               	goto	u19_20
  1016  001B                     u19_21:
  1017  001B  283E               	goto	i1l1160
  1018  001C                     u19_20:
  1019  001C                     i1l1142:
  1020                           
  1021                           ;MainL4Cont.c: 70: 
  1022  001C  1283               	bcf	3,5	;RP0=0, select bank0
  1023  001D  1303               	bcf	3,6	;RP1=0, select bank0
  1024  001E  1806               	btfsc	6,0	;volatile
  1025  001F  2821               	goto	u20_21
  1026  0020  2822               	goto	u20_20
  1027  0021                     u20_21:
  1028  0021  282D               	goto	i1l1150
  1029  0022                     u20_20:
  1030  0022                     i1l1144:
  1031                           
  1032                           ;MainL4Cont.c: 71:         PIR1bits.SSPIF = 0;
  1033  0022  3001               	movlw	1
  1034  0023  00F0               	movwf	??_isr
  1035  0024  0870               	movf	??_isr,w
  1036  0025  07F8               	addwf	_cont,f
  1037  0026                     i1l1146:
  1038                           
  1039                           ;MainL4Cont.c: 72:     }
  1040  0026  3010               	movlw	16
  1041  0027  0278               	subwf	_cont,w
  1042  0028  1C03               	skipc
  1043  0029  282B               	goto	u21_21
  1044  002A  282C               	goto	u21_20
  1045  002B                     u21_21:
  1046  002B  282D               	goto	i1l1150
  1047  002C                     u21_20:
  1048  002C                     i1l1148:
  1049                           
  1050                           ;MainL4Cont.c: 73: 
  1051  002C  01F8               	clrf	_cont
  1052  002D                     i1l1150:
  1053                           
  1054                           ;MainL4Cont.c: 76: }
  1055  002D  1886               	btfsc	6,1	;volatile
  1056  002E  2830               	goto	u22_21
  1057  002F  2831               	goto	u22_20
  1058  0030                     u22_21:
  1059  0030  283D               	goto	i1l1158
  1060  0031                     u22_20:
  1061  0031                     i1l1152:
  1062                           
  1063                           ;MainL4Cont.c: 77: 
  1064  0031  3001               	movlw	1
  1065  0032  02F8               	subwf	_cont,f
  1066  0033                     i1l1154:
  1067                           
  1068                           ;MainL4Cont.c: 78: void main(void) {
  1069  0033  3010               	movlw	16
  1070  0034  0278               	subwf	_cont,w
  1071  0035  1C03               	skipc
  1072  0036  2838               	goto	u23_21
  1073  0037  2839               	goto	u23_20
  1074  0038                     u23_21:
  1075  0038  283D               	goto	i1l1158
  1076  0039                     u23_20:
  1077  0039                     i1l1156:
  1078                           
  1079                           ;MainL4Cont.c: 79:     setup();
  1080  0039  300F               	movlw	15
  1081  003A  00F0               	movwf	??_isr
  1082  003B  0870               	movf	??_isr,w
  1083  003C  00F8               	movwf	_cont
  1084  003D                     i1l1158:
  1085                           
  1086                           ;MainL4Cont.c: 82: 
  1087  003D  100B               	bcf	11,0	;volatile
  1088  003E                     i1l1160:
  1089                           
  1090                           ;MainL4Cont.c: 85:     PORTD = cont;
  1091  003E  1283               	bcf	3,5	;RP0=0, select bank0
  1092  003F  1303               	bcf	3,6	;RP1=0, select bank0
  1093  0040  1D8C               	btfss	12,3	;volatile
  1094  0041  2843               	goto	u24_21
  1095  0042  2844               	goto	u24_20
  1096  0043                     u24_21:
  1097  0043  289C               	goto	i1l259
  1098  0044                     u24_20:
  1099  0044                     i1l1162:
  1100                           
  1101                           ;MainL4Cont.c: 87: }
  1102  0044  1214               	bcf	20,4	;volatile
  1103                           
  1104                           ;MainL4Cont.c: 89: 
  1105  0045  1B14               	btfsc	20,6	;volatile
  1106  0046  2848               	goto	u25_21
  1107  0047  2849               	goto	u25_20
  1108  0048                     u25_21:
  1109  0048  284D               	goto	i1l1166
  1110  0049                     u25_20:
  1111  0049                     i1l1164:
  1112  0049  1F94               	btfss	20,7	;volatile
  1113  004A  284C               	goto	u26_21
  1114  004B  284D               	goto	u26_20
  1115  004C                     u26_21:
  1116  004C  2854               	goto	i1l1174
  1117  004D                     u26_20:
  1118  004D                     i1l1166:
  1119                           
  1120                           ;MainL4Cont.c: 90: 
  1121  004D  0813               	movf	19,w	;volatile
  1122  004E  00F0               	movwf	??_isr
  1123  004F  0870               	movf	??_isr,w
  1124  0050  00F9               	movwf	_z
  1125  0051                     i1l1168:
  1126                           
  1127                           ;MainL4Cont.c: 91: 
  1128  0051  1314               	bcf	20,6	;volatile
  1129  0052                     i1l1170:
  1130                           
  1131                           ;MainL4Cont.c: 92: void setup(void){
  1132  0052  1394               	bcf	20,7	;volatile
  1133  0053                     i1l1172:
  1134                           
  1135                           ;MainL4Cont.c: 93: 
  1136  0053  1614               	bsf	20,4	;volatile
  1137  0054                     i1l1174:
  1138                           
  1139                           ;MainL4Cont.c: 96: 
  1140  0054  1683               	bsf	3,5	;RP0=1, select bank1
  1141  0055  1303               	bcf	3,6	;RP1=0, select bank1
  1142  0056  1A94               	btfsc	20,5	;volatile
  1143  0057  2859               	goto	u27_21
  1144  0058  285A               	goto	u27_20
  1145  0059                     u27_21:
  1146  0059  2878               	goto	i1l250
  1147  005A                     u27_20:
  1148  005A                     i1l1176:
  1149  005A  1914               	btfsc	20,2	;volatile
  1150  005B  285D               	goto	u28_21
  1151  005C  285E               	goto	u28_20
  1152  005D                     u28_21:
  1153  005D  2878               	goto	i1l250
  1154  005E                     u28_20:
  1155  005E                     i1l1178:
  1156                           
  1157                           ;MainL4Cont.c: 98:   TRISB = 0b00000011;
  1158  005E  1283               	bcf	3,5	;RP0=0, select bank0
  1159  005F  1303               	bcf	3,6	;RP1=0, select bank0
  1160  0060  0813               	movf	19,w	;volatile
  1161  0061  00F0               	movwf	??_isr
  1162  0062  0870               	movf	??_isr,w
  1163  0063  00F9               	movwf	_z
  1164  0064                     i1l1180:
  1165                           
  1166                           ;MainL4Cont.c: 100:   TRISD = 0x00;
  1167  0064  118C               	bcf	12,3	;volatile
  1168  0065                     i1l1182:
  1169                           
  1170                           ;MainL4Cont.c: 101:   TRISE = 0x00;
  1171  0065  1614               	bsf	20,4	;volatile
  1172  0066                     i1l251:	
  1173                           ;MainL4Cont.c: 102: 
  1174                           
  1175  0066  1683               	bsf	3,5	;RP0=1, select bank1
  1176  0067  1303               	bcf	3,6	;RP1=0, select bank1
  1177  0068  1C14               	btfss	20,0	;volatile
  1178  0069  286B               	goto	u29_21
  1179  006A  286C               	goto	u29_20
  1180  006B                     u29_21:
  1181  006B  2866               	goto	i1l251
  1182  006C                     u29_20:
  1183  006C                     i1l1184:
  1184                           
  1185                           ;MainL4Cont.c: 103:   OPTION_REG = 0b11000100;
  1186  006C  1283               	bcf	3,5	;RP0=0, select bank0
  1187  006D  1303               	bcf	3,6	;RP1=0, select bank0
  1188  006E  0813               	movf	19,w	;volatile
  1189  006F  00F0               	movwf	??_isr
  1190  0070  0870               	movf	??_isr,w
  1191  0071  00F7               	movwf	_inI2C
  1192                           
  1193                           ;MainL4Cont.c: 104: 
  1194  0072  30A6               	movlw	166
  1195  0073  00F0               	movwf	??_isr
  1196  0074                     u33_27:
  1197  0074  0BF0               	decfsz	??_isr,f
  1198  0075  2874               	goto	u33_27
  1199  0076  0000               	nop
  1200                           
  1201                           ;MainL4Cont.c: 106: 
  1202  0077  2899               	goto	i1l254
  1203  0078                     i1l250:	
  1204                           ;MainL4Cont.c: 107:   pushPORTB(0b00000011);
  1205                           
  1206  0078  1A94               	btfsc	20,5	;volatile
  1207  0079  287B               	goto	u30_21
  1208  007A  287C               	goto	u30_20
  1209  007B                     u30_21:
  1210  007B  2899               	goto	i1l254
  1211  007C                     u30_20:
  1212  007C                     i1l1186:
  1213  007C  1D14               	btfss	20,2	;volatile
  1214  007D  287F               	goto	u31_21
  1215  007E  2880               	goto	u31_20
  1216  007F                     u31_21:
  1217  007F  2899               	goto	i1l254
  1218  0080                     u31_20:
  1219  0080                     i1l1188:
  1220                           
  1221                           ;MainL4Cont.c: 108:   initOsc(8);
  1222  0080  1283               	bcf	3,5	;RP0=0, select bank0
  1223  0081  1303               	bcf	3,6	;RP1=0, select bank0
  1224  0082  0813               	movf	19,w	;volatile
  1225  0083  00F0               	movwf	??_isr
  1226  0084  0870               	movf	??_isr,w
  1227  0085  00F9               	movwf	_z
  1228  0086                     i1l1190:
  1229                           
  1230                           ;MainL4Cont.c: 109:   I2C_Slave_Init(0x70);
  1231  0086  1683               	bsf	3,5	;RP0=1, select bank1
  1232  0087  1303               	bcf	3,6	;RP1=0, select bank1
  1233  0088  1014               	bcf	20,0	;volatile
  1234                           
  1235                           ;MainL4Cont.c: 110: 
  1236  0089  0878               	movf	_cont,w
  1237  008A  1283               	bcf	3,5	;RP0=0, select bank0
  1238  008B  1303               	bcf	3,6	;RP1=0, select bank0
  1239  008C  0093               	movwf	19	;volatile
  1240  008D                     i1l1192:
  1241                           
  1242                           ;MainL4Cont.c: 111:   PORTA = 0x00;
  1243  008D  1614               	bsf	20,4	;volatile
  1244                           
  1245                           ;MainL4Cont.c: 112:   PORTB = 0x00;
  1246  008E  30A6               	movlw	166
  1247  008F  00F0               	movwf	??_isr
  1248  0090                     u34_27:
  1249  0090  0BF0               	decfsz	??_isr,f
  1250  0091  2890               	goto	u34_27
  1251  0092  0000               	nop
  1252  0093                     i1l256:	
  1253                           ;MainL4Cont.c: 113:   PORTC = 0x00;
  1254                           
  1255  0093  1683               	bsf	3,5	;RP0=1, select bank1
  1256  0094  1303               	bcf	3,6	;RP1=0, select bank1
  1257  0095  1814               	btfsc	20,0	;volatile
  1258  0096  2898               	goto	u32_21
  1259  0097  2899               	goto	u32_20
  1260  0098                     u32_21:
  1261  0098  2893               	goto	i1l256
  1262  0099                     u32_20:
  1263  0099                     i1l254:
  1264                           
  1265                           ;MainL4Cont.c: 116: 
  1266  0099  1283               	bcf	3,5	;RP0=0, select bank0
  1267  009A  1303               	bcf	3,6	;RP1=0, select bank0
  1268  009B  118C               	bcf	12,3	;volatile
  1269  009C                     i1l259:
  1270  009C  0872               	movf	??_isr+2,w
  1271  009D  008A               	movwf	10
  1272  009E  0E71               	swapf	??_isr+1,w
  1273  009F  0083               	movwf	3
  1274  00A0  0EFE               	swapf	btemp,f
  1275  00A1  0E7E               	swapf	btemp,w
  1276  00A2  0009               	retfie
  1277  00A3                     __end_of_isr:
  1278  007E                     btemp	set	126	;btemp
  1279  007E                     wtemp0	set	126
  1280                           
  1281                           	psect	intentry
  1282  0004                     __pintentry:	
  1283                           ;incstack = 0
  1284                           ; Regs used in _isr: [wreg+status,2+status,0]
  1285                           
  1286  0004                     interrupt_function:
  1287  007E                     saved_w	set	btemp
  1288  0004  00FE               	movwf	btemp
  1289  0005  0E03               	swapf	3,w
  1290  0006  00F1               	movwf	??_isr+1
  1291  0007  080A               	movf	10,w
  1292  0008  00F2               	movwf	??_isr+2
  1293  0009  120A  118A  2818   	ljmp	_isr
  1294                           
  1295                           	psect	config
  1296                           
  1297                           ;Config register CONFIG1 @ 0x2007
  1298                           ;	Oscillator Selection bits
  1299                           ;	FOSC = INTRC_NOCLKOUT, INTOSCIO oscillator: I/O function on RA6/OSC2/CLKOUT pin, I/O f
      +                          unction on RA7/OSC1/CLKIN
  1300                           ;	Watchdog Timer Enable bit
  1301                           ;	WDTE = OFF, WDT disabled and can be enabled by SWDTEN bit of the WDTCON register
  1302                           ;	Power-up Timer Enable bit
  1303                           ;	PWRTE = OFF, PWRT disabled
  1304                           ;	RE3/MCLR pin function select bit
  1305                           ;	MCLRE = OFF, RE3/MCLR pin function is digital input, MCLR internally tied to VDD
  1306                           ;	Code Protection bit
  1307                           ;	CP = OFF, Program memory code protection is disabled
  1308                           ;	Data Code Protection bit
  1309                           ;	CPD = OFF, Data memory code protection is disabled
  1310                           ;	Brown Out Reset Selection bits
  1311                           ;	BOREN = OFF, BOR disabled
  1312                           ;	Internal External Switchover bit
  1313                           ;	IESO = OFF, Internal/External Switchover mode is disabled
  1314                           ;	Fail-Safe Clock Monitor Enabled bit
  1315                           ;	FCMEN = OFF, Fail-Safe Clock Monitor is disabled
  1316                           ;	Low Voltage Programming Enable bit
  1317                           ;	LVP = OFF, RB3 pin has digital I/O, HV on MCLR must be used for programming
  1318                           ;	In-Circuit Debugger Mode bit
  1319                           ;	DEBUG = 0x1, unprogrammed default
  1320  2007                     	org	8199
  1321  2007  20D4               	dw	8404
  1322                           
  1323                           ;Config register CONFIG2 @ 0x2008
  1324                           ;	Brown-out Reset Selection bit
  1325                           ;	BOR4V = BOR40V, Brown-out Reset set to 4.0V
  1326                           ;	Flash Program Memory Self Write Enable bits
  1327                           ;	WRT = OFF, Write protection off
  1328  2008                     	org	8200
  1329  2008  3FFF               	dw	16383

Data Sizes:
    Strings     0
    Constant    0
    Data        0
    BSS         5
    Persistent  0
    Stack       0

Auto Spaces:
    Space          Size  Autos    Used
    COMMON           14      6      11
    BANK0            80      0       0
    BANK1            80      0       0
    BANK3            96      0       0
    BANK2            96      0       0

Pointer List with Targets:

    None.

Critical Paths under _main in COMMON

    _setup->_initOsc

Critical Paths under _isr in COMMON

    None.

Critical Paths under _main in BANK0

    None.

Critical Paths under _isr in BANK0

    None.

Critical Paths under _main in BANK1

    None.

Critical Paths under _isr in BANK1

    None.

Critical Paths under _main in BANK3

    None.

Critical Paths under _isr in BANK3

    None.

Critical Paths under _main in BANK2

    None.

Critical Paths under _isr in BANK2

    None.

Call Graph Tables:

 ---------------------------------------------------------------------------------
 (Depth) Function   	        Calls       Base Space   Used Autos Params    Refs
 ---------------------------------------------------------------------------------
 (0) _main                                                 0     0      0      75
                              _setup
 ---------------------------------------------------------------------------------
 (1) _setup                                                0     0      0      75
                     _I2C_Slave_Init
                            _initOsc
                          _pushPORTB
 ---------------------------------------------------------------------------------
 (2) _pushPORTB                                            1     1      0      45
                                              3 COMMON     1     1      0
 ---------------------------------------------------------------------------------
 (2) _initOsc                                              3     3      0      15
                                              3 COMMON     3     3      0
 ---------------------------------------------------------------------------------
 (2) _I2C_Slave_Init                                       1     1      0      15
                                              3 COMMON     1     1      0
 ---------------------------------------------------------------------------------
 Estimated maximum stack depth 2
 ---------------------------------------------------------------------------------
 (Depth) Function   	        Calls       Base Space   Used Autos Params    Refs
 ---------------------------------------------------------------------------------
 (3) _isr                                                  3     3      0       0
                                              0 COMMON     3     3      0
 ---------------------------------------------------------------------------------
 Estimated maximum stack depth 3
 ---------------------------------------------------------------------------------

 Call Graph Graphs:

 _main (ROOT)
   _setup
     _I2C_Slave_Init
     _initOsc
     _pushPORTB

 _isr (ROOT)

 Address spaces:
Name               Size   Autos  Total    Cost      Usage
BITCOMMON            E      0       0       0        0.0%
EEDATA             100      0       0       0        0.0%
NULL                 0      0       0       0        0.0%
CODE                 0      0       0       0        0.0%
COMMON               E      6       B       1       78.6%
BITSFR0              0      0       0       1        0.0%
SFR0                 0      0       0       1        0.0%
BITSFR1              0      0       0       2        0.0%
SFR1                 0      0       0       2        0.0%
STACK                0      0       0       2        0.0%
ABS                  0      0       B       3        0.0%
BITBANK0            50      0       0       4        0.0%
BITSFR3              0      0       0       4        0.0%
SFR3                 0      0       0       4        0.0%
BANK0               50      0       0       5        0.0%
BITSFR2              0      0       0       5        0.0%
SFR2                 0      0       0       5        0.0%
BITBANK1            50      0       0       6        0.0%
BANK1               50      0       0       7        0.0%
BITBANK3            60      0       0       8        0.0%
BANK3               60      0       0       9        0.0%
BITBANK2            60      0       0      10        0.0%
BANK2               60      0       0      11        0.0%
DATA                 0      0       B      12        0.0%


Microchip Technology PIC Macro Assembler V2.32 build 20210201212658 
Symbol Table                                                                                   Mon Aug 09 12:11:20 2021

                      _z 0079              _SSPSTATbits 0094                       _BF 04A0  
                     l55 013A                      l141 00AC                      l142 00B0  
                    l143 00B4                      l144 00B8                      l145 00BC  
                    l146 00C0                      l226 0148                      l147 00C4  
                    l139 00A8                      l148 00C8                      l149 00EE  
                    l270 0120                      l900 00F7                      l910 0108  
                    l902 00F8                      l920 0114                      l912 010E  
                    l904 00F9                      l930 011E                      l922 0115  
                    l914 0111                      l906 00FC                      l924 0119  
                    l916 0112                      l908 0102                      l870 0133  
                    l862 0122                      l926 011A                      l918 0113  
                    l872 0134                      l864 0130                      l880 00CC  
                    l928 011D                      l874 0137                      l866 0131  
                    l890 0147                      l868 0132                      l876 00A4  
                    l886 013C                      l888 0144                      l896 00EF  
                    l898 00F5                      _GIE 005F                      _RB0 0030  
                    _RB1 0031                      _isr 0018                     l1218 00D4  
                   l1194 0149                     l1196 014E                     ?_isr 0070  
                   _IOCB 0096                     _PIE1 008C                     _PIE2 008D  
                   _PEIE 005E                     _PIR1 000C                     _PIR2 000D  
                   _WPUB 0095             pushPORTB@val 0073                     _cont 0078  
                   _main 0149                     btemp 007E                     start 000C  
                  ??_isr 0070                    ?_main 0070                    _ANSEL 0188  
                  i1l250 0078                    i1l251 0066                    i1l254 0099  
                  i1l256 0093                    i1l259 009C                    u20_20 0022  
                  u20_21 0021                    u21_20 002C                    u21_21 002B  
                  u30_20 007C                    u22_20 0031                    u30_21 007B  
                  u22_21 0030                    u31_20 0080                    u23_20 0039  
                  u31_21 007F                    u23_21 0038                    u32_20 0099  
                  u24_20 0044                    u32_21 0098                    u24_21 0043  
                  u25_20 0049                    u25_21 0048                    u33_27 0074  
                  u26_20 004D                    u26_21 004C                    _SPBRG 0099  
                  u34_27 0090                    u27_20 005A                    u19_20 001C  
                  u27_21 0059                    u19_21 001B                    _PORTA 0005  
                  _PORTB 0006                    _PORTC 0007                    _PORTD 0008  
                  _PORTE 0009                    u28_20 005E                    u28_21 005D  
                  u29_20 006C                    u29_21 006B                    _TRISA 0085  
                  _TRISB 0086                    _TRISC 0087                    _TRISD 0088  
                  _SSPIE 0463                    _TRISE 0089                    _SSPIF 0063  
                  _inI2C 0077          __end_of_initOsc 00EF                    _setup 00EF  
                  pclath 000A                    status 0003                    wtemp0 007E  
        __initialization 000F             __end_of_main 0156                   ??_main 0076  
                 ?_setup 0070                   _ANSELH 0189                   i1l1140 0018  
                 i1l1150 002D                   i1l1142 001C                   i1l1152 0031  
                 i1l1144 0022                   i1l1160 003E                   i1l1170 0052  
                 i1l1162 0044                   i1l1154 0033                   i1l1146 0026  
                 i1l1180 0064                   i1l1172 0053                   i1l1164 0049  
                 i1l1156 0039                   i1l1148 002C                   i1l1190 0086  
                 i1l1182 0065                   i1l1174 0054                   i1l1166 004D  
                 i1l1158 003D                   i1l1192 008D                   i1l1184 006C  
                 i1l1176 005A                   i1l1168 0051                   i1l1186 007C  
                 i1l1178 005E                   i1l1188 0080                   _INTCON 000B  
            initOsc@frec 0075                   _SPBRGH 009A                   _SSPADD 0093  
                 _TRISC3 043B                   _TRISC4 043C                   _SSPCON 0014  
                 _SSPBUF 0013                ??_initOsc 0073                   saved_w 007E  
__end_of__initialization 0014           __pcstackCOMMON 0070  __size_of_I2C_Slave_Init 001A  
          __end_of_setup 0121                  ??_setup 0076    I2C_Slave_Init@address 0073  
             __pmaintext 0149               __pintentry 0004       __size_of_pushPORTB 000E  
                _SSPCON2 0091                  _SSPSTAT 0094                  __ptext1 00EF  
                __ptext2 013B                  __ptext3 00A3                  __ptext4 0121  
                __ptext5 0018                  _flagint 007A                  _initOsc 00A3  
           __size_of_isr 008B                  _varPot0 0076     end_of_initialization 0014  
      __end_of_pushPORTB 0149                _RCSTAbits 0018           _I2C_Slave_Init 0121  
              _TRISCbits 0087                _TXSTAbits 0098   __end_of_I2C_Slave_Init 013B  
            _BAUDCTLbits 0187      start_initialization 000F              __end_of_isr 00A3  
        ?_I2C_Slave_Init 0070              __pbssCOMMON 0076                ___latbits 0002  
               ?_initOsc 0070           __size_of_setup 0032        interrupt_function 0004  
               _PIE1bits 008C                 _PIR1bits 000C                _pushPORTB 013B  
             _ADCON0bits 001F               _ADCON1bits 009F               ?_pushPORTB 0070  
       __size_of_initOsc 004C         ??_I2C_Slave_Init 0073            __size_of_main 000D  
             _INTCONbits 000B                 intlevel1 0000               _OSCCONbits 008F  
            ??_pushPORTB 0073               _OPTION_REG 0081              _SSPCON2bits 0091  
             _SSPCONbits 0014  
